[INFO] Scanning for projects...
[INFO] 
[INFO] --------------------< cs.msu.edu:CSCI_440_Project >---------------------
[INFO] Building CSCI_440_Project 1.0-SNAPSHOT
[INFO] --------------------------------[ jar ]---------------------------------
[INFO] 
[INFO] --- maven-resources-plugin:2.6:resources (default-resources) @ CSCI_440_Project ---
[WARNING] Using platform encoding (UTF-8 actually) to copy filtered resources, i.e. build is platform dependent!
[INFO] Copying 33 resources
[INFO] 
[INFO] --- maven-compiler-plugin:3.1:compile (default-compile) @ CSCI_440_Project ---
[INFO] Nothing to compile - all classes are up to date
[INFO] 
[INFO] --- maven-resources-plugin:2.6:testResources (default-testResources) @ CSCI_440_Project ---
[WARNING] Using platform encoding (UTF-8 actually) to copy filtered resources, i.e. build is platform dependent!
[INFO] skip non existing resourceDirectory /Users/carson/Projects/msu/demo/csci-440-fall2022-private/grading/scripts/repos/kruize_christensen/src/test/resources
[INFO] 
[INFO] --- maven-compiler-plugin:3.1:testCompile (default-testCompile) @ CSCI_440_Project ---
[INFO] Nothing to compile - all classes are up to date
[INFO] 
[INFO] --- maven-surefire-plugin:2.22.1:test (default-test) @ CSCI_440_Project ---
[INFO] 
[INFO] -------------------------------------------------------
[INFO]  T E S T S
[INFO] -------------------------------------------------------
[INFO] Running edu.montana.csci.csci440.homework.Homework1
Resetting DB After Test...
Resetting DB After Test...
Resetting DB After Test...
[ERROR] Tests run: 3, Failures: 2, Errors: 1, Skipped: 0, Time elapsed: 0.297 s <<< FAILURE! - in edu.montana.csci.csci440.homework.Homework1
[ERROR] selectArtistsWhoseNameHasAnAInIt  Time elapsed: 0.287 s  <<< FAILURE!
org.opentest4j.AssertionFailedError: expected: <211> but was: <275>
	at edu.montana.csci.csci440.homework.Homework1.selectArtistsWhoseNameHasAnAInIt(Homework1.java:18)

[ERROR] selectTheTrackAndAlbumAndArtistForAllTracksLongerThanSixMinutes  Time elapsed: 0.003 s  <<< ERROR!
java.lang.RuntimeException: org.sqlite.SQLiteException: [SQLITE_ERROR] SQL error or missing database (no such column: albums.Title)
	at edu.montana.csci.csci440.homework.Homework1.selectTheTrackAndAlbumAndArtistForAllTracksLongerThanSixMinutes(Homework1.java:39)
Caused by: org.sqlite.SQLiteException: [SQLITE_ERROR] SQL error or missing database (no such column: albums.Title)
	at edu.montana.csci.csci440.homework.Homework1.selectTheTrackAndAlbumAndArtistForAllTracksLongerThanSixMinutes(Homework1.java:39)

[ERROR] selectAllArtistsWithMoreThanOneAlbum  Time elapsed: 0.003 s  <<< FAILURE!
org.opentest4j.AssertionFailedError: expected: <56> but was: <275>
	at edu.montana.csci.csci440.homework.Homework1.selectAllArtistsWithMoreThanOneAlbum(Homework1.java:29)

[INFO] 
[INFO] Results:
[INFO] 
[ERROR] Failures: 
[ERROR]   Homework1.selectAllArtistsWithMoreThanOneAlbum:29 expected: <56> but was: <275>
[ERROR]   Homework1.selectArtistsWhoseNameHasAnAInIt:18 expected: <211> but was: <275>
[ERROR] Errors: 
[ERROR]   Homework1.selectTheTrackAndAlbumAndArtistForAllTracksLongerThanSixMinutes:39->DBTest.executeSQL:58 Â» Runtime
[INFO] 
[ERROR] Tests run: 3, Failures: 2, Errors: 1, Skipped: 0
[INFO] 
[INFO] ------------------------------------------------------------------------
[INFO] BUILD FAILURE
[INFO] ------------------------------------------------------------------------
[INFO] Total time:  1.344 s
[INFO] Finished at: 2022-09-27T09:11:01-06:00
[INFO] ------------------------------------------------------------------------
[ERROR] Failed to execute goal org.apache.maven.plugins:maven-surefire-plugin:2.22.1:test (default-test) on project CSCI_440_Project: There are test failures.
[ERROR] 
[ERROR] Please refer to /Users/carson/Projects/msu/demo/csci-440-fall2022-private/grading/scripts/repos/kruize_christensen/target/surefire-reports for the individual test results.
[ERROR] Please refer to dump files (if any exist) [date].dump, [date]-jvmRun[N].dump and [date].dumpstream.
[ERROR] -> [Help 1]
[ERROR] 
[ERROR] To see the full stack trace of the errors, re-run Maven with the -e switch.
[ERROR] Re-run Maven using the -X switch to enable full debug logging.
[ERROR] 
[ERROR] For more information about the errors and possible solutions, please read the following articles:
[ERROR] [Help 1] http://cwiki.apache.org/confluence/display/MAVEN/MojoFailureException
